0 info it worked if it ends with ok
1 verbose cli [ '/usr/local/bin/node',
1 verbose cli   '/usr/local/bin/npm',
1 verbose cli   'version',
1 verbose cli   'patch' ]
2 info using npm@2.15.9
3 info using node@v4.5.0
4 info git [ 'status', '--porcelain' ]
5 verbose stack Error: Git working directory not clean.
5 verbose stack M README.md
5 verbose stack M spc_article/README.md
5 verbose stack M spc_article/package.json
5 verbose stack M spc_article/view/readme.md
5 verbose stack M spc_article_excerpts/README.md
5 verbose stack D spc_article_excerpts/docs/spc_article_excerpts.md
5 verbose stack M spc_fullwidth_heading/README.md
5 verbose stack D spc_fullwidth_heading/docs/spc_fullwidth_heading.md
5 verbose stack M spc_hero_article/README.md
5 verbose stack D spc_hero_article/docs/spc_hero_article.md
5 verbose stack M spc_inline_menu/README.md
5 verbose stack D spc_inline_menu/docs/spc_inline_menu.md
5 verbose stack M spc_more_button/README.md
5 verbose stack D spc_more_button/docs/spc_more_button.md
5 verbose stack M spc_simple_footer/README.md
5 verbose stack D spc_simple_footer/docs/spc_simple_footer.md
5 verbose stack M spc_social_widget/README.md
5 verbose stack D spc_social_widget/docs/spc_social_widget.md
5 verbose stack     at /usr/local/lib/node_modules/npm/lib/version.js:171:21
5 verbose stack     at ChildProcess.exithandler (child_process.js:204:7)
5 verbose stack     at emitTwo (events.js:87:13)
5 verbose stack     at ChildProcess.emit (events.js:172:7)
5 verbose stack     at maybeClose (internal/child_process.js:829:16)
5 verbose stack     at Socket.<anonymous> (internal/child_process.js:319:11)
5 verbose stack     at emitOne (events.js:77:13)
5 verbose stack     at Socket.emit (events.js:169:7)
5 verbose stack     at Pipe._onclose (net.js:486:12)
6 verbose cwd /Users/fredrik/projects/spacecomponents_library/spc_article
7 error Darwin 15.6.0
8 error argv "/usr/local/bin/node" "/usr/local/bin/npm" "version" "patch"
9 error node v4.5.0
10 error npm  v2.15.9
11 error Git working directory not clean.
11 error M README.md
11 error M spc_article/README.md
11 error M spc_article/package.json
11 error M spc_article/view/readme.md
11 error M spc_article_excerpts/README.md
11 error D spc_article_excerpts/docs/spc_article_excerpts.md
11 error M spc_fullwidth_heading/README.md
11 error D spc_fullwidth_heading/docs/spc_fullwidth_heading.md
11 error M spc_hero_article/README.md
11 error D spc_hero_article/docs/spc_hero_article.md
11 error M spc_inline_menu/README.md
11 error D spc_inline_menu/docs/spc_inline_menu.md
11 error M spc_more_button/README.md
11 error D spc_more_button/docs/spc_more_button.md
11 error M spc_simple_footer/README.md
11 error D spc_simple_footer/docs/spc_simple_footer.md
11 error M spc_social_widget/README.md
11 error D spc_social_widget/docs/spc_social_widget.md
12 error If you need help, you may report this error at:
12 error     <https://github.com/npm/npm/issues>
13 verbose exit [ 1, true ]
